WARNING: A terminally deprecated method in sun.misc.Unsafe has been called
WARNING: sun.misc.Unsafe::staticFieldBase has been called by com.google.inject.internal.aop.HiddenClassDefiner (file:/Users/peemtanapat/.m2/wrapper/dists/apache-maven-3.9.11/a2d47e15/lib/guice-5.1.0-classes.jar)
WARNING: Please consider reporting this to the maintainers of class com.google.inject.internal.aop.HiddenClassDefiner
WARNING: sun.misc.Unsafe::staticFieldBase will be removed in a future release
[INFO] Scanning for projects...
[INFO] 
[INFO] -------------< dev.peemtanapat.thaiticketmaster:event-api >-------------
[INFO] Building event-api 0.0.1
[INFO]   from pom.xml
[INFO] --------------------------------[ jar ]---------------------------------
[INFO] 
[INFO] --- resources:3.3.1:resources (default-resources) @ event-api ---
[INFO] Copying 2 resources from src/main/resources to target/classes
[INFO] Copying 2 resources from src/main/resources to target/classes
[INFO] 
[INFO] --- compiler:3.14.0:compile (default-compile) @ event-api ---
[INFO] Nothing to compile - all classes are up to date.
[INFO] 
[INFO] --- hibernate-enhance:6.6.29.Final:enhance (enhance) @ event-api ---
[INFO] Starting Hibernate enhancement for classes on /Users/peemtanapat/sandbox/thaiticketmaster/event-api/target/classes
[INFO] 
[INFO] --- resources:3.3.1:testResources (default-testResources) @ event-api ---
[INFO] Copying 1 resource from src/test/resources to target/test-classes
[INFO] 
[INFO] --- compiler:3.14.0:testCompile (default-testCompile) @ event-api ---
[INFO] Recompiling the module because of changed source code.
[INFO] Compiling 13 source files with javac [debug parameters release 21] to target/test-classes
[INFO] Some messages have been simplified; recompile with -Xdiags:verbose to get full output
[INFO] -------------------------------------------------------------
[ERROR] COMPILATION ERROR : 
[INFO] -------------------------------------------------------------
[ERROR] /Users/peemtanapat/sandbox/thaiticketmaster/event-api/src/test/java/dev/peemtanapat/thaiticketmaster/event_api/event/CategoryControllerIntegrationTest.java:[150,11] incompatible types: inference variable T has incompatible bounds
    equality constraints: java.time.OffsetDateTime
    lower bounds: java.time.LocalDateTime
[ERROR] /Users/peemtanapat/sandbox/thaiticketmaster/event-api/src/test/java/dev/peemtanapat/thaiticketmaster/event_api/event/CategoryControllerIntegrationTest.java:[160,11] incompatible types: inference variable T has incompatible bounds
    equality constraints: java.time.OffsetDateTime
    lower bounds: java.time.LocalDateTime
[ERROR] /Users/peemtanapat/sandbox/thaiticketmaster/event-api/src/test/java/dev/peemtanapat/thaiticketmaster/event_api/event/GlobalExceptionHandlerTest.java:[75,12] incompatible types: inference variable T has incompatible bounds
    equality constraints: java.time.OffsetDateTime
    lower bounds: java.time.LocalDateTime
[ERROR] /Users/peemtanapat/sandbox/thaiticketmaster/event-api/src/test/java/dev/peemtanapat/thaiticketmaster/event_api/event/GlobalExceptionHandlerTest.java:[134,12] incompatible types: inference variable T has incompatible bounds
    equality constraints: java.time.OffsetDateTime
    lower bounds: java.time.LocalDateTime
[ERROR] /Users/peemtanapat/sandbox/thaiticketmaster/event-api/src/test/java/dev/peemtanapat/thaiticketmaster/event_api/event/GlobalExceptionHandlerTest.java:[158,12] incompatible types: inference variable T has incompatible bounds
    equality constraints: java.time.OffsetDateTime
    lower bounds: java.time.LocalDateTime
[INFO] 5 errors 
[INFO] -------------------------------------------------------------
[INFO] ------------------------------------------------------------------------
[INFO] BUILD FAILURE
[INFO] ------------------------------------------------------------------------
[INFO] Total time:  2.215 s
[INFO] Finished at: 2025-10-06T16:53:33+07:00
[INFO] ------------------------------------------------------------------------
[ERROR] Failed to execute goal org.apache.maven.plugins:maven-compiler-plugin:3.14.0:testCompile (default-testCompile) on project event-api: Compilation failure: Compilation failure: 
[ERROR] /Users/peemtanapat/sandbox/thaiticketmaster/event-api/src/test/java/dev/peemtanapat/thaiticketmaster/event_api/event/CategoryControllerIntegrationTest.java:[150,11] incompatible types: inference variable T has incompatible bounds
[ERROR]     equality constraints: java.time.OffsetDateTime
[ERROR]     lower bounds: java.time.LocalDateTime
[ERROR] /Users/peemtanapat/sandbox/thaiticketmaster/event-api/src/test/java/dev/peemtanapat/thaiticketmaster/event_api/event/CategoryControllerIntegrationTest.java:[160,11] incompatible types: inference variable T has incompatible bounds
[ERROR]     equality constraints: java.time.OffsetDateTime
[ERROR]     lower bounds: java.time.LocalDateTime
[ERROR] /Users/peemtanapat/sandbox/thaiticketmaster/event-api/src/test/java/dev/peemtanapat/thaiticketmaster/event_api/event/GlobalExceptionHandlerTest.java:[75,12] incompatible types: inference variable T has incompatible bounds
[ERROR]     equality constraints: java.time.OffsetDateTime
[ERROR]     lower bounds: java.time.LocalDateTime
[ERROR] /Users/peemtanapat/sandbox/thaiticketmaster/event-api/src/test/java/dev/peemtanapat/thaiticketmaster/event_api/event/GlobalExceptionHandlerTest.java:[134,12] incompatible types: inference variable T has incompatible bounds
[ERROR]     equality constraints: java.time.OffsetDateTime
[ERROR]     lower bounds: java.time.LocalDateTime
[ERROR] /Users/peemtanapat/sandbox/thaiticketmaster/event-api/src/test/java/dev/peemtanapat/thaiticketmaster/event_api/event/GlobalExceptionHandlerTest.java:[158,12] incompatible types: inference variable T has incompatible bounds
[ERROR]     equality constraints: java.time.OffsetDateTime
[ERROR]     lower bounds: java.time.LocalDateTime
[ERROR] -> [Help 1]
[ERROR] 
[ERROR] To see the full stack trace of the errors, re-run Maven with the -e switch.
[ERROR] Re-run Maven using the -X switch to enable full debug logging.
[ERROR] 
[ERROR] For more information about the errors and possible solutions, please read the following articles:
[ERROR] [Help 1] http://cwiki.apache.org/confluence/display/MAVEN/MojoFailureException
